<?xml version="1.0" encoding="UTF-8"?>
<testsuite xmlns:xsi="http://www.w3.org/2001/XMLSchema-instance" xsi:noNamespaceSchemaLocation="https://maven.apache.org/surefire/maven-surefire-plugin/xsd/surefire-test-report-3.0.xsd" version="3.0" name="com.sangam.sangam.SangamApplicationTests" time="7.332" tests="1" errors="0" skipped="0" failures="0">
  <properties>
[...]
</properties>
  <testcase name="contextLoads" classname="com.sangam.sangam.SangamApplicationTests" time="1.017">
    <system-out><![CDATA[23:10:26.528 [main] INFO org.springframework.test.context.support.AnnotationConfigContextLoaderUtils -- Could not detect default configuration classes for test class [com.sangam.sangam.SangamApplicationTests]: SangamApplicationTests does not declare any static, non-private, non-final, nested classes annotated with @Configuration.
23:10:26.640 [main] INFO org.springframework.boot.test.context.SpringBootTestContextBootstrapper -- Found @SpringBootConfiguration com.sangam.sangam.SangamApplication for test class com.sangam.sangam.SangamApplicationTests
23:10:26.826 [main] INFO org.springframework.boot.devtools.restart.RestartApplicationListener -- Restart disabled due to context in which it is running

  .   ____          _            __ _ _
 /\\ / ___'_ __ _ _(_)_ __  __ _ \ \ \ \
( ( )\___ | '_ | '_| | '_ \/ _` | \ \ \ \
 \\/  ___)| |_)| | | | | || (_| |  ) ) ) )
  '  |____| .__|_| |_|_| |_\__, | / / / /
 =========|_|==============|___/=/_/_/_/

 :: Spring Boot ::                (v3.3.3)

2026-02-11 23:10:27 INFO  c.s.sangam.SangamApplicationTests - Starting SangamApplicationTests using Java 17.0.18 with PID 3006815 (started by nitin in /home/nitin/Downloads/Sangam-Website-Repository-main)
2026-02-11 23:10:27 INFO  c.s.sangam.SangamApplicationTests - No active profile set, falling back to 1 default profile: "default"
2026-02-11 23:10:28 INFO  o.s.d.r.c.RepositoryConfigurationDelegate - Bootstrapping Spring Data MongoDB repositories in DEFAULT mode.
2026-02-11 23:10:29 INFO  o.s.d.r.c.RepositoryConfigurationDelegate - Finished Spring Data repository scanning in 61 ms. Found 7 MongoDB repository interfaces.
2026-02-11 23:10:29 INFO  org.mongodb.driver.cluster - Adding discovered server sangamwebappfree-shard-00-01.clugh.mongodb.net:27017 to client view of cluster
2026-02-11 23:10:29 INFO  org.mongodb.driver.client - MongoClient with metadata {"application": {"name": "SangamWebApp"}, "driver": {"name": "mongo-java-driver|sync|spring-boot", "version": "5.0.1"}, "os": {"type": "Linux", "name": "Linux", "architecture": "amd64", "version": "6.5.0-1025-oem"}, "platform": "Java/Ubuntu/17.0.18+8-Ubuntu-124.04.1"} created with settings MongoClientSettings{readPreference=primary, writeConcern=WriteConcern{w=majority, wTimeout=null ms, journal=null}, retryWrites=true, retryReads=true, readConcern=ReadConcern{level=null}, credential=MongoCredential{mechanism=null, userName='sbdesis', source='admin', password=<hidden>, mechanismProperties=<hidden>}, transportSettings=null, commandListeners=[io.micrometer.core.instrument.binder.mongodb.MongoMetricsCommandListener@53cddaf8], codecRegistry=ProvidersCodecRegistry{codecProviders=[ValueCodecProvider{}, BsonValueCodecProvider{}, DBRefCodecProvider{}, DBObjectCodecProvider{}, DocumentCodecProvider{}, CollectionCodecProvider{}, IterableCodecProvider{}, MapCodecProvider{}, GeoJsonCodecProvider{}, GridFSFileCodecProvider{}, Jsr310CodecProvider{}, JsonObjectCodecProvider{}, BsonCodecProvider{}, EnumCodecProvider{}, com.mongodb.client.model.mql.ExpressionCodecProvider@55c50f52, com.mongodb.Jep395RecordCodecProvider@1ccc1026, com.mongodb.KotlinCodecProvider@4044589a]}, loggerSettings=LoggerSettings{maxDocumentLength=1000}, clusterSettings={hosts=[127.0.0.1:27017], srvHost=sangamwebappfree.clugh.mongodb.net, srvServiceName=mongodb, mode=MULTIPLE, requiredClusterType=REPLICA_SET, requiredReplicaSetName='atlas-9839zc-shard-0', serverSelector='null', clusterListeners='[]', serverSelectionTimeout='30000 ms', localThreshold='15 ms'}, socketSettings=SocketSettings{connectTimeoutMS=10000, readTimeoutMS=0, receiveBufferSize=0, proxySettings=ProxySettings{host=null, port=null, username=null, password=null}}, heartbeatSocketSettings=SocketSettings{connectTimeoutMS=10000, readTimeoutMS=10000, receiveBufferSize=0, proxySettings=ProxySettings{host=null, port=null, username=null, password=null}}, connectionPoolSettings=ConnectionPoolSettings{maxSize=100, minSize=0, maxWaitTimeMS=120000, maxConnectionLifeTimeMS=0, maxConnectionIdleTimeMS=0, maintenanceInitialDelayMS=0, maintenanceFrequencyMS=60000, connectionPoolListeners=[io.micrometer.core.instrument.binder.mongodb.MongoMetricsConnectionPoolListener@7de35070], maxConnecting=2}, serverSettings=ServerSettings{heartbeatFrequencyMS=10000, minHeartbeatFrequencyMS=500, serverListeners='[]', serverMonitorListeners='[]'}, sslSettings=SslSettings{enabled=true, invalidHostNameAllowed=false, context=null}, applicationName='SangamWebApp', compressorList=[], uuidRepresentation=JAVA_LEGACY, serverApi=null, autoEncryptionSettings=null, dnsClient=null, inetAddressResolver=null, contextProvider=null}
2026-02-11 23:10:29 INFO  org.mongodb.driver.cluster - Adding discovered server sangamwebappfree-shard-00-00.clugh.mongodb.net:27017 to client view of cluster
2026-02-11 23:10:29 INFO  org.mongodb.driver.cluster - Adding discovered server sangamwebappfree-shard-00-02.clugh.mongodb.net:27017 to client view of cluster
2026-02-11 23:10:30 INFO  org.mongodb.driver.cluster - Monitor thread successfully connected to server with description ServerDescription{address=sangamwebappfree-shard-00-02.clugh.mongodb.net:27017, type=REPLICA_SET_SECONDARY, state=CONNECTED, ok=true, minWireVersion=0, maxWireVersion=25, maxDocumentSize=16777216, logicalSessionTimeoutMinutes=30, roundTripTimeNanos=418305307, setName='atlas-9839zc-shard-0', canonicalAddress=sangamwebappfree-shard-00-02.clugh.mongodb.net:27017, hosts=[sangamwebappfree-shard-00-01.clugh.mongodb.net:27017, sangamwebappfree-shard-00-00.clugh.mongodb.net:27017, sangamwebappfree-shard-00-02.clugh.mongodb.net:27017], passives=[], arbiters=[], primary='sangamwebappfree-shard-00-01.clugh.mongodb.net:27017', tagSet=TagSet{[Tag{name='availabilityZone', value='usw2-az3'}, Tag{name='diskState', value='READY'}, Tag{name='nodeType', value='ELECTABLE'}, Tag{name='provider', value='AWS'}, Tag{name='region', value='US_WEST_2'}, Tag{name='workloadType', value='OPERATIONAL'}]}, electionId=null, setVersion=47, topologyVersion=TopologyVersion{processId=698506d24bced2763ad165a6, counter=3}, lastWriteDate=Wed Feb 11 23:10:30 PST 2026, lastUpdateTimeNanos=691332653978152}
2026-02-11 23:10:30 INFO  org.mongodb.driver.cluster - Monitor thread successfully connected to server with description ServerDescription{address=sangamwebappfree-shard-00-00.clugh.mongodb.net:27017, type=REPLICA_SET_SECONDARY, state=CONNECTED, ok=true, minWireVersion=0, maxWireVersion=25, maxDocumentSize=16777216, logicalSessionTimeoutMinutes=30, roundTripTimeNanos=418618588, setName='atlas-9839zc-shard-0', canonicalAddress=sangamwebappfree-shard-00-00.clugh.mongodb.net:27017, hosts=[sangamwebappfree-shard-00-01.clugh.mongodb.net:27017, sangamwebappfree-shard-00-00.clugh.mongodb.net:27017, sangamwebappfree-shard-00-02.clugh.mongodb.net:27017], passives=[], arbiters=[], primary='sangamwebappfree-shard-00-01.clugh.mongodb.net:27017', tagSet=TagSet{[Tag{name='availabilityZone', value='usw2-az2'}, Tag{name='diskState', value='READY'}, Tag{name='nodeType', value='ELECTABLE'}, Tag{name='provider', value='AWS'}, Tag{name='region', value='US_WEST_2'}, Tag{name='workloadType', value='OPERATIONAL'}]}, electionId=null, setVersion=47, topologyVersion=TopologyVersion{processId=698506621e3c48a15c505565, counter=4}, lastWriteDate=Wed Feb 11 23:10:30 PST 2026, lastUpdateTimeNanos=691332653985444}
2026-02-11 23:10:30 INFO  org.mongodb.driver.cluster - Monitor thread successfully connected to server with description ServerDescription{address=sangamwebappfree-shard-00-01.clugh.mongodb.net:27017, type=REPLICA_SET_PRIMARY, state=CONNECTED, ok=true, minWireVersion=0, maxWireVersion=25, maxDocumentSize=16777216, logicalSessionTimeoutMinutes=30, roundTripTimeNanos=418429066, setName='atlas-9839zc-shard-0', canonicalAddress=sangamwebappfree-shard-00-01.clugh.mongodb.net:27017, hosts=[sangamwebappfree-shard-00-01.clugh.mongodb.net:27017, sangamwebappfree-shard-00-00.clugh.mongodb.net:27017, sangamwebappfree-shard-00-02.clugh.mongodb.net:27017], passives=[], arbiters=[], primary='sangamwebappfree-shard-00-01.clugh.mongodb.net:27017', tagSet=TagSet{[Tag{name='availabilityZone', value='usw2-az1'}, Tag{name='diskState', value='READY'}, Tag{name='nodeType', value='ELECTABLE'}, Tag{name='provider', value='AWS'}, Tag{name='region', value='US_WEST_2'}, Tag{name='workloadType', value='OPERATIONAL'}]}, electionId=7fffffff0000000000000145, setVersion=47, topologyVersion=TopologyVersion{processId=698506997779cf22e86381bb, counter=6}, lastWriteDate=Wed Feb 11 23:10:30 PST 2026, lastUpdateTimeNanos=691332653984595}
2026-02-11 23:10:30 INFO  org.mongodb.driver.cluster - Discovered replica set primary sangamwebappfree-shard-00-01.clugh.mongodb.net:27017 with max election id 7fffffff0000000000000145 and max set version 47
2026-02-11 23:10:31 INFO  com.zaxxer.hikari.HikariDataSource - HikariPool-1 - Starting...
2026-02-11 23:10:32 INFO  com.zaxxer.hikari.pool.HikariPool - HikariPool-1 - Added connection conn0: url=jdbc:h2:mem:376e45f7-3bb7-4d66-b876-508307dfda97 user=SA
2026-02-11 23:10:32 INFO  com.zaxxer.hikari.HikariDataSource - HikariPool-1 - Start completed.
2026-02-11 23:10:32 INFO  o.s.b.a.e.web.EndpointLinksResolver - Exposing 1 endpoint beneath base path '/actuator'
2026-02-11 23:10:32 INFO  c.s.sangam.SangamApplicationTests - Started SangamApplicationTests in 5.638 seconds (process running for 6.762)
]]></system-out>
  </testcase>
</testsuite>