<?xml version="1.0" encoding="UTF-8"?>
<testsuite xmlns:xsi="http://www.w3.org/2001/XMLSchema-instance" xsi:noNamespaceSchemaLocation="https://maven.apache.org/surefire/maven-surefire-plugin/xsd/surefire-test-report-3.0.xsd" version="3.0" name="com.sangam.sangam.SangamApplicationTests" time="6.149" tests="1" errors="0" skipped="0" failures="0">
  <properties>
[...]
</properties>
  <testcase name="contextLoads" classname="com.sangam.sangam.SangamApplicationTests" time="1.079">
    <system-out><![CDATA[11:38:06.955 [main] INFO org.springframework.test.context.support.AnnotationConfigContextLoaderUtils -- Could not detect default configuration classes for test class [com.sangam.sangam.SangamApplicationTests]: SangamApplicationTests does not declare any static, non-private, non-final, nested classes annotated with @Configuration.
11:38:07.082 [main] INFO org.springframework.boot.test.context.SpringBootTestContextBootstrapper -- Found @SpringBootConfiguration com.sangam.sangam.SangamApplication for test class com.sangam.sangam.SangamApplicationTests
11:38:07.253 [main] INFO org.springframework.boot.devtools.restart.RestartApplicationListener -- Restart disabled due to context in which it is running

  .   ____          _            __ _ _
 /\\ / ___'_ __ _ _(_)_ __  __ _ \ \ \ \
( ( )\___ | '_ | '_| | '_ \/ _` | \ \ \ \
 \\/  ___)| |_)| | | | | || (_| |  ) ) ) )
  '  |____| .__|_| |_|_| |_\__, | / / / /
 =========|_|==============|___/=/_/_/_/

 :: Spring Boot ::                (v3.3.3)

2025-10-08 11:38:07 INFO  c.s.sangam.SangamApplicationTests - Starting SangamApplicationTests using Java 17.0.4.1 with PID 30812 (started by kaust in C:\Users\kaust\OneDrive\Documents\Coding Courses\Sangam Proj)
2025-10-08 11:38:07 INFO  c.s.sangam.SangamApplicationTests - No active profile set, falling back to 1 default profile: "default"
2025-10-08 11:38:08 INFO  o.s.d.r.c.RepositoryConfigurationDelegate - Bootstrapping Spring Data MongoDB repositories in DEFAULT mode.
2025-10-08 11:38:08 INFO  o.s.d.r.c.RepositoryConfigurationDelegate - Finished Spring Data repository scanning in 55 ms. Found 8 MongoDB repository interfaces.
2025-10-08 11:38:09 INFO  org.mongodb.driver.client - MongoClient with metadata {"application": {"name": "SangamWebApp"}, "driver": {"name": "mongo-java-driver|sync|spring-boot", "version": "5.0.1"}, "os": {"type": "Windows", "name": "Windows 11", "architecture": "amd64", "version": "10.0"}, "platform": "Java/Oracle Corporation/17.0.4.1+1-LTS-2"} created with settings MongoClientSettings{readPreference=primary, writeConcern=WriteConcern{w=majority, wTimeout=null ms, journal=null}, retryWrites=true, retryReads=true, readConcern=ReadConcern{level=null}, credential=MongoCredential{mechanism=null, userName='sbdesis', source='admin', password=<hidden>, mechanismProperties=<hidden>}, transportSettings=null, commandListeners=[io.micrometer.core.instrument.binder.mongodb.MongoMetricsCommandListener@5a85b4e6], codecRegistry=ProvidersCodecRegistry{codecProviders=[ValueCodecProvider{}, BsonValueCodecProvider{}, DBRefCodecProvider{}, DBObjectCodecProvider{}, DocumentCodecProvider{}, CollectionCodecProvider{}, IterableCodecProvider{}, MapCodecProvider{}, GeoJsonCodecProvider{}, GridFSFileCodecProvider{}, Jsr310CodecProvider{}, JsonObjectCodecProvider{}, BsonCodecProvider{}, EnumCodecProvider{}, com.mongodb.client.model.mql.ExpressionCodecProvider@766b6d02, com.mongodb.Jep395RecordCodecProvider@6b09ce57, com.mongodb.KotlinCodecProvider@5c4f4330]}, loggerSettings=LoggerSettings{maxDocumentLength=1000}, clusterSettings={hosts=[127.0.0.1:27017], srvHost=sangamwebappfree.clugh.mongodb.net, srvServiceName=mongodb, mode=MULTIPLE, requiredClusterType=REPLICA_SET, requiredReplicaSetName='atlas-9839zc-shard-0', serverSelector='null', clusterListeners='[]', serverSelectionTimeout='30000 ms', localThreshold='15 ms'}, socketSettings=SocketSettings{connectTimeoutMS=10000, readTimeoutMS=0, receiveBufferSize=0, proxySettings=ProxySettings{host=null, port=null, username=null, password=null}}, heartbeatSocketSettings=SocketSettings{connectTimeoutMS=10000, readTimeoutMS=10000, receiveBufferSize=0, proxySettings=ProxySettings{host=null, port=null, username=null, password=null}}, connectionPoolSettings=ConnectionPoolSettings{maxSize=100, minSize=0, maxWaitTimeMS=120000, maxConnectionLifeTimeMS=0, maxConnectionIdleTimeMS=0, maintenanceInitialDelayMS=0, maintenanceFrequencyMS=60000, connectionPoolListeners=[io.micrometer.core.instrument.binder.mongodb.MongoMetricsConnectionPoolListener@2b9aeedb], maxConnecting=2}, serverSettings=ServerSettings{heartbeatFrequencyMS=10000, minHeartbeatFrequencyMS=500, serverListeners='[]', serverMonitorListeners='[]'}, sslSettings=SslSettings{enabled=true, invalidHostNameAllowed=false, context=null}, applicationName='SangamWebApp', compressorList=[], uuidRepresentation=JAVA_LEGACY, serverApi=null, autoEncryptionSettings=null, dnsClient=null, inetAddressResolver=null, contextProvider=null}
2025-10-08 11:38:09 INFO  org.mongodb.driver.cluster - Adding discovered server sangamwebappfree-shard-00-01.clugh.mongodb.net:27017 to client view of cluster
2025-10-08 11:38:09 INFO  org.mongodb.driver.cluster - Adding discovered server sangamwebappfree-shard-00-00.clugh.mongodb.net:27017 to client view of cluster
2025-10-08 11:38:09 INFO  org.mongodb.driver.cluster - Adding discovered server sangamwebappfree-shard-00-02.clugh.mongodb.net:27017 to client view of cluster
2025-10-08 11:38:10 INFO  org.mongodb.driver.cluster - Monitor thread successfully connected to server with description ServerDescription{address=sangamwebappfree-shard-00-00.clugh.mongodb.net:27017, type=REPLICA_SET_SECONDARY, state=CONNECTED, ok=true, minWireVersion=0, maxWireVersion=25, maxDocumentSize=16777216, logicalSessionTimeoutMinutes=30, roundTripTimeNanos=380604600, setName='atlas-9839zc-shard-0', canonicalAddress=sangamwebappfree-shard-00-00.clugh.mongodb.net:27017, hosts=[sangamwebappfree-shard-00-01.clugh.mongodb.net:27017, sangamwebappfree-shard-00-00.clugh.mongodb.net:27017, sangamwebappfree-shard-00-02.clugh.mongodb.net:27017], passives=[], arbiters=[], primary='sangamwebappfree-shard-00-01.clugh.mongodb.net:27017', tagSet=TagSet{[Tag{name='availabilityZone', value='usw2-az2'}, Tag{name='diskState', value='READY'}, Tag{name='nodeType', value='ELECTABLE'}, Tag{name='provider', value='AWS'}, Tag{name='region', value='US_WEST_2'}, Tag{name='workloadType', value='OPERATIONAL'}]}, electionId=null, setVersion=32, topologyVersion=TopologyVersion{processId=68e4287c55c73217d52b8123, counter=4}, lastWriteDate=Wed Oct 08 11:38:11 PDT 2025, lastUpdateTimeNanos=7989128312800}
2025-10-08 11:38:10 INFO  org.mongodb.driver.cluster - Monitor thread successfully connected to server with description ServerDescription{address=sangamwebappfree-shard-00-01.clugh.mongodb.net:27017, type=REPLICA_SET_PRIMARY, state=CONNECTED, ok=true, minWireVersion=0, maxWireVersion=25, maxDocumentSize=16777216, logicalSessionTimeoutMinutes=30, roundTripTimeNanos=380667200, setName='atlas-9839zc-shard-0', canonicalAddress=sangamwebappfree-shard-00-01.clugh.mongodb.net:27017, hosts=[sangamwebappfree-shard-00-01.clugh.mongodb.net:27017, sangamwebappfree-shard-00-00.clugh.mongodb.net:27017, sangamwebappfree-shard-00-02.clugh.mongodb.net:27017], passives=[], arbiters=[], primary='sangamwebappfree-shard-00-01.clugh.mongodb.net:27017', tagSet=TagSet{[Tag{name='availabilityZone', value='usw2-az1'}, Tag{name='diskState', value='READY'}, Tag{name='nodeType', value='ELECTABLE'}, Tag{name='provider', value='AWS'}, Tag{name='region', value='US_WEST_2'}, Tag{name='workloadType', value='OPERATIONAL'}]}, electionId=7fffffff0000000000000129, setVersion=32, topologyVersion=TopologyVersion{processId=68e43799044dd26220f114cb, counter=6}, lastWriteDate=Wed Oct 08 11:38:11 PDT 2025, lastUpdateTimeNanos=7989128311100}
2025-10-08 11:38:10 INFO  org.mongodb.driver.cluster - Monitor thread successfully connected to server with description ServerDescription{address=sangamwebappfree-shard-00-02.clugh.mongodb.net:27017, type=REPLICA_SET_SECONDARY, state=CONNECTED, ok=true, minWireVersion=0, maxWireVersion=25, maxDocumentSize=16777216, logicalSessionTimeoutMinutes=30, roundTripTimeNanos=378350300, setName='atlas-9839zc-shard-0', canonicalAddress=sangamwebappfree-shard-00-02.clugh.mongodb.net:27017, hosts=[sangamwebappfree-shard-00-01.clugh.mongodb.net:27017, sangamwebappfree-shard-00-00.clugh.mongodb.net:27017, sangamwebappfree-shard-00-02.clugh.mongodb.net:27017], passives=[], arbiters=[], primary='sangamwebappfree-shard-00-01.clugh.mongodb.net:27017', tagSet=TagSet{[Tag{name='availabilityZone', value='usw2-az3'}, Tag{name='diskState', value='READY'}, Tag{name='nodeType', value='ELECTABLE'}, Tag{name='provider', value='AWS'}, Tag{name='region', value='US_WEST_2'}, Tag{name='workloadType', value='OPERATIONAL'}]}, electionId=null, setVersion=32, topologyVersion=TopologyVersion{processId=68e439a5390d81fb1bdc599b, counter=3}, lastWriteDate=Wed Oct 08 11:38:11 PDT 2025, lastUpdateTimeNanos=7989128105800}
2025-10-08 11:38:10 INFO  org.mongodb.driver.cluster - Discovered replica set primary sangamwebappfree-shard-00-01.clugh.mongodb.net:27017 with max election id 7fffffff0000000000000129 and max set version 32
2025-10-08 11:38:11 INFO  com.zaxxer.hikari.HikariDataSource - HikariPool-1 - Starting...
2025-10-08 11:38:11 INFO  com.zaxxer.hikari.pool.HikariPool - HikariPool-1 - Added connection conn0: url=jdbc:h2:mem:2c7553c2-9775-4bcc-87f3-b58ec2e2e579 user=SA
2025-10-08 11:38:11 INFO  com.zaxxer.hikari.HikariDataSource - HikariPool-1 - Start completed.
2025-10-08 11:38:11 INFO  o.s.b.a.e.web.EndpointLinksResolver - Exposing 1 endpoint beneath base path '/actuator'
2025-10-08 11:38:11 INFO  c.s.sangam.SangamApplicationTests - Started SangamApplicationTests in 4.537 seconds (process running for 5.507)
]]></system-out>
  </testcase>
</testsuite>